0.9889498353004456
0.5145427584648132
0.9927158951759338
0.9927158951759338
0.9908555746078491
0.9927158951759338
0.022024473175406456
0.8397652506828308
0.9860100746154785
0.008948600850999355
0.016318490728735924
0.9927158951759338
0.011255789548158646
0.7982689142227173
0.046217843890190125
0.031135059893131256
0.986162543296814
0.008948600850999355
0.4627039134502411
0.02164529822766781
0.5169510841369629
0.011338373646140099
0.027076102793216705
0.007180358283221722
0.592408299446106
0.970508337020874
0.927143931388855
0.9927158951759338
0.7095489501953125
0.9908555746078491
0.9857688546180725
0.9927158951759338
0.007180358283221722
0.007180358283221722
0.011338373646140099
0.007180358283221722
0.027887403964996338
0.9792505502700806
0.9792017340660095
0.9908555746078491
0.007180358283221722
0.2989010512828827
0.5836613774299622
0.9927158951759338
0.9889498353004456
0.9889498353004456
0.020366931334137917
0.030902894213795662
0.05056557431817055
0.02229990065097809
0.011338373646140099
0.9908555746078491
0.19716666638851166
0.01334597822278738
0.07439854741096497
0.12964844703674316
0.009014411829411983
0.03193908557295799
0.12966936826705933
0.9827044606208801
